#
# A fatal error has been detected by the Java Runtime Environment:
#
#  EXCEPTION_ACCESS_VIOLATION (0xc0000005) at pc=0x00000000645d7a5b, pid=8124, tid=0x0000000000001fe0
#
# JRE version: Java(TM) SE Runtime Environment (8.0_131-b11) (build 1.8.0_131-b11)
# Java VM: Java HotSpot(TM) 64-Bit Server VM (25.131-b11 mixed mode windows-amd64 compressed oops)
# Problematic frame:
# V  [jvm.dll+0x127a5b]
#
# Failed to write core dump. Minidumps are not enabled by default on client versions of Windows
#
# If you would like to submit a bug report, please visit:
#   http://bugreport.java.com/bugreport/crash.jsp
#

---------------  T H R E A D  ---------------

Current thread (0x000000000242d800):  JavaThread "main" [_thread_in_vm, id=8160, stack(0x00000000022c0000,0x00000000023c0000)]

siginfo: ExceptionCode=0xc0000005, reading address 0xffffffffffffffff

Registers:
RAX=0x00000000023be490, RBX=0x000000010007e0c0, RCX=0x0000000000000007, RDX=0x0000000000000228
RSP=0x00000000023be130, RBP=0x00000000023be1f1, RSI=0x0000000000000000, RDI=0x000000000242e070
R8 =0x0000000016b1b338, R9 =0x0000000000000001, R10=0x0000000016b1b510, R11=0x0000000000000000
R12=0x0000000000000001, R13=0x000000000242d800, R14=0x0000000000000001, R15=0x8000000000000000
RIP=0x00000000645d7a5b, EFLAGS=0x0000000000010206

Top of Stack: (sp=0x00000000023be130)
0x00000000023be130:   000000000242dfa0 00000000193d2790
0x00000000023be140:   0000000000000000 000000010001e2d8
0x00000000023be150:   0000000000000000 0000000016e5f1d8
0x00000000023be160:   000000000242dfb0 000000000000000a
0x00000000023be170:   0000000016b1b510 00000000645d8976
0x00000000023be180:   0000000016e5f430 000000000242d800
0x00000000023be190:   0000000000000001 0000000016e5f190
0x00000000023be1a0:   0000000016e5f1c8 0000000016e5e848
0x00000000023be1b0:   0000001400000001 0000000000000000
0x00000000023be1c0:   0000000000000007 000000000242dfd0
0x00000000023be1d0:   0000000000000050 000000000000000a
0x00000000023be1e0:   000000000242dfb0 00000000645da190
0x00000000023be1f0:   0000000016b1b510 0000000016e5f430
0x00000000023be200:   000000000242d800 000000000242d800
0x00000000023be210:   0000000000000001 000000000242d800
0x00000000023be220:   0000000000000001 0000000000000041 

Instructions: (pc=0x00000000645d7a5b)
0x00000000645d7a3b:   41 56 41 57 48 8d 6c 24 e9 48 81 ec d8 00 00 00
0x00000000645d7a4b:   4d 8b b8 80 01 00 00 48 8b f9 8b 0d ed ad 68 00
0x00000000645d7a5b:   49 63 37 ff 15 8c 49 4b 00 48 8d 4d d7 48 8b d0
0x00000000645d7a6b:   e8 40 b3 0e 00 48 8b 4d 6f e8 d7 e2 ff ff 4c 8b 


Register to memory mapping:

RAX=0x00000000023be490 is pointing into the stack for thread: 0x000000000242d800
RBX=0x000000010007e0c0 is pointing into metadata
RCX=0x0000000000000007 is an unknown value
RDX=0x0000000000000228 is an unknown value
RSP=0x00000000023be130 is pointing into the stack for thread: 0x000000000242d800
RBP=0x00000000023be1f1 is pointing into the stack for thread: 0x000000000242d800
RSI=0x0000000000000000 is an unknown value
RDI=0x000000000242e070 is an unknown value
R8 ={method} {0x0000000016b1b340} 'hasNext' '()Z' in 'java/util/Iterator'
R9 =0x0000000000000001 is an unknown value
R10={method} {0x0000000016b1b518} 'forEachRemaining' '(Ljava/util/function/Consumer;)V' in 'java/util/Iterator'
R11=0x0000000000000000 is an unknown value
R12=0x0000000000000001 is an unknown value
R13=0x000000000242d800 is a thread
R14=0x0000000000000001 is an unknown value
R15=0x8000000000000000 is an unknown value


Stack: [0x00000000022c0000,0x00000000023c0000],  sp=0x00000000023be130,  free space=1016k
Native frames: (J=compiled Java code, j=interpreted, Vv=VM code, C=native code)
V  [jvm.dll+0x127a5b]
V  [jvm.dll+0x128ae2]
V  [jvm.dll+0x110f8d]
V  [jvm.dll+0x1156e7]
V  [jvm.dll+0x115bc5]
V  [jvm.dll+0xbbdad]
C  0x0000000002555335

Java frames: (J=compiled Java code, j=interpreted, Vv=VM code)
j  ChunkList.iterator()Ljava/util/Iterator;+0
j  ChunkListSuperTest.sameCollection(Ljava/util/Collection;Ljava/util/Collection;)Z+25
j  ChunkListSuperTest.parallelTest(ID)V+236
j  ChunkListSuperTest.testLotsDeletion()V+7
v  ~StubRoutines::call_stub
j  sun.reflect.NativeMethodAccessorImpl.invoke0(Ljava/lang/reflect/Method;Ljava/lang/Object;[Ljava/lang/Object;)Ljava/lang/Object;+0
j  sun.reflect.NativeMethodAccessorImpl.invoke(Ljava/lang/Object;[Ljava/lang/Object;)Ljava/lang/Object;+100
j  sun.reflect.DelegatingMethodAccessorImpl.invoke(Ljava/lang/Object;[Ljava/lang/Object;)Ljava/lang/Object;+6
j  java.lang.reflect.Method.invoke(Ljava/lang/Object;[Ljava/lang/Object;)Ljava/lang/Object;+56
j  junit.framework.TestCase.runTest()V+107
j  junit.framework.TestCase.runBare()V+7
j  junit.framework.TestResult$1.protect()V+4
j  junit.framework.TestResult.runProtected(Ljunit/framework/Test;Ljunit/framework/Protectable;)V+1
j  junit.framework.TestResult.run(Ljunit/framework/TestCase;)V+18
j  junit.framework.TestCase.run(Ljunit/framework/TestResult;)V+2
j  junit.framework.TestSuite.runTest(Ljunit/framework/Test;Ljunit/framework/TestResult;)V+2
j  junit.framework.TestSuite.run(Ljunit/framework/TestResult;)V+40
j  org.junit.internal.runners.JUnit38ClassRunner.run(Lorg/junit/runner/notification/RunNotifier;)V+22
j  org.eclipse.jdt.internal.junit4.runner.JUnit4TestReference.run(Lorg/eclipse/jdt/internal/junit/runner/TestExecution;)V+72
j  org.eclipse.jdt.internal.junit.runner.TestExecution.run([Lorg/eclipse/jdt/internal/junit/runner/ITestReference;)V+17
j  org.eclipse.jdt.internal.junit.runner.RemoteTestRunner.runTests([Ljava/lang/String;Ljava/lang/String;Lorg/eclipse/jdt/internal/junit/runner/TestExecution;)V+62
j  org.eclipse.jdt.internal.junit.runner.RemoteTestRunner.runTests(Lorg/eclipse/jdt/internal/junit/runner/TestExecution;)V+10
j  org.eclipse.jdt.internal.junit.runner.RemoteTestRunner.run()V+70
j  org.eclipse.jdt.internal.junit.runner.RemoteTestRunner.main([Ljava/lang/String;)V+10
v  ~StubRoutines::call_stub

---------------  P R O C E S S  ---------------

Java Threads: ( => current thread )
  0x000000001945b800 JavaThread "ReaderThread" [_thread_in_native, id=1340, stack(0x000000001a0e0000,0x000000001a1e0000)]
  0x00000000193c0800 JavaThread "Service Thread" daemon [_thread_blocked, id=3816, stack(0x0000000019ee0000,0x0000000019fe0000)]
  0x0000000019332800 JavaThread "C1 CompilerThread3" daemon [_thread_blocked, id=5856, stack(0x0000000019de0000,0x0000000019ee0000)]
  0x0000000019328000 JavaThread "C2 CompilerThread2" daemon [_thread_blocked, id=9220, stack(0x0000000019ce0000,0x0000000019de0000)]
  0x000000001931c800 JavaThread "C2 CompilerThread1" daemon [_thread_blocked, id=3392, stack(0x0000000019be0000,0x0000000019ce0000)]
  0x0000000019319800 JavaThread "C2 CompilerThread0" daemon [_thread_blocked, id=8624, stack(0x0000000019ae0000,0x0000000019be0000)]
  0x0000000019317000 JavaThread "Attach Listener" daemon [_thread_blocked, id=9200, stack(0x00000000199e0000,0x0000000019ae0000)]
  0x0000000019316000 JavaThread "Signal Dispatcher" daemon [_thread_blocked, id=11260, stack(0x00000000198e0000,0x00000000199e0000)]
  0x000000000252e000 JavaThread "Finalizer" daemon [_thread_blocked, id=11440, stack(0x00000000196f0000,0x00000000197f0000)]
  0x0000000002527000 JavaThread "Reference Handler" daemon [_thread_blocked, id=8332, stack(0x00000000191f0000,0x00000000192f0000)]
=>0x000000000242d800 JavaThread "main" [_thread_in_vm, id=8160, stack(0x00000000022c0000,0x00000000023c0000)]

Other Threads:
  0x0000000017409000 VMThread [stack: 0x00000000190f0000,0x00000000191f0000] [id=1952]
  0x00000000193d4000 WatcherThread [stack: 0x0000000019fe0000,0x000000001a0e0000] [id=2432]

VM state:not at safepoint (normal execution)

VM Mutex/Monitor currently owned by a thread: None

Heap:
 PSYoungGen      total 37888K, used 4588K [0x00000000d6380000, 0x00000000d8d80000, 0x0000000100000000)
  eden space 32768K, 14% used [0x00000000d6380000,0x00000000d67fb0f0,0x00000000d8380000)
  from space 5120K, 0% used [0x00000000d8880000,0x00000000d8880000,0x00000000d8d80000)
  to   space 5120K, 0% used [0x00000000d8380000,0x00000000d8380000,0x00000000d8880000)
 ParOldGen       total 86016K, used 0K [0x0000000082a00000, 0x0000000087e00000, 0x00000000d6380000)
  object space 86016K, 0% used [0x0000000082a00000,0x0000000082a00000,0x0000000087e00000)
 Metaspace       used 4482K, capacity 4922K, committed 5248K, reserved 1056768K
  class space    used 512K, capacity 561K, committed 640K, reserved 1048576K

Card table byte_map: [0x00000000118f0000,0x0000000011ce0000] byte_map_base: 0x00000000114db000

Marking Bits: (ParMarkBitMap*) 0x0000000064ccc720
 Begin Bits: [0x0000000012780000, 0x00000000146d8000)
 End Bits:   [0x00000000146d8000, 0x0000000016630000)

Polling page: 0x00000000005f0000

CodeCache: size=245760Kb used=1453Kb max_used=1453Kb free=244306Kb
 bounds [0x0000000002530000, 0x00000000027a0000, 0x0000000011530000]
 total_blobs=455 nmethods=181 adapters=187
 compilation: enabled

Compilation events (10 events):
Event: 0.218 Thread 0x0000000019332800  178       3       java.util.ArrayList$Itr::checkForComodification (23 bytes)
Event: 0.219 Thread 0x0000000019332800 nmethod 178 0x0000000002699110 code [0x0000000002699280, 0x00000000026994a8]
Event: 0.219 Thread 0x0000000019332800  176  s    3       java.io.DataOutputStream::write (16 bytes)
Event: 0.219 Thread 0x0000000019332800 nmethod 176 0x0000000002699590 code [0x0000000002699700, 0x0000000002699b48]
Event: 0.219 Thread 0x0000000019332800  179       3       java.util.concurrent.ConcurrentHashMap::addCount (292 bytes)
Event: 0.220 Thread 0x0000000019332800 nmethod 179 0x0000000002699c90 code [0x0000000002699ea0, 0x000000000269a9a8]
Event: 0.220 Thread 0x0000000019332800  180       3       java.util.BitSet::checkInvariants (111 bytes)
Event: 0.220 Thread 0x0000000019332800 nmethod 180 0x000000000269ad90 code [0x000000000269aee0, 0x000000000269b070]
Event: 0.221 Thread 0x0000000019332800  181       1       java.nio.Buffer::limit (5 bytes)
Event: 0.221 Thread 0x0000000019332800 nmethod 181 0x000000000269b0d0 code [0x000000000269b220, 0x000000000269b330]

GC Heap History (0 events):
No events

Deoptimization events (0 events):
No events

Internal exceptions (2 events):
Event: 0.032 Thread 0x000000000242d800 Exception <a 'java/lang/NoSuchMethodError': Method sun.misc.Unsafe.defineClass(Ljava/lang/String;[BII)Ljava/lang/Class; name or signature does not match> (0x00000000d6387ca8) thrown at [C:\re\workspace\8-2-build-windows-amd64-cygwin\jdk8u131\8869\hotspot\
Event: 0.032 Thread 0x000000000242d800 Exception <a 'java/lang/NoSuchMethodError': Method sun.misc.Unsafe.prefetchRead(Ljava/lang/Object;J)V name or signature does not match> (0x00000000d6387f90) thrown at [C:\re\workspace\8-2-build-windows-amd64-cygwin\jdk8u131\8869\hotspot\src\share\vm\prims

Events (10 events):
Event: 0.222 loading class junit/framework/TestResult$1
Event: 0.222 loading class junit/framework/TestResult$1 done
Event: 0.222 loading class ChunkList
Event: 0.222 loading class ChunkList done
Event: 0.223 loading class java/util/Random
Event: 0.223 loading class java/util/Random done
Event: 0.223 loading class ChunkList$Chunk
Event: 0.223 loading class ChunkList$Chunk done
Event: 0.225 loading class ChunkList$ChunkIterator
Event: 0.225 loading class ChunkList$ChunkIterator done


Dynamic libraries:
0x00007ff6e06f0000 - 0x00007ff6e0727000 	C:\Program Files\Java\jdk1.8.0_131\bin\javaw.exe
0x00007fff41b20000 - 0x00007fff41cfb000 	C:\Windows\SYSTEM32\ntdll.dll
0x00007fff3f570000 - 0x00007fff3f61e000 	C:\Windows\System32\KERNEL32.DLL
0x00007fff3ec10000 - 0x00007fff3ee59000 	C:\Windows\System32\KERNELBASE.dll
0x00007fff3f490000 - 0x00007fff3f531000 	C:\Windows\System32\ADVAPI32.dll
0x00007fff3f330000 - 0x00007fff3f3cd000 	C:\Windows\System32\msvcrt.dll
0x00007fff3f6d0000 - 0x00007fff3f729000 	C:\Windows\System32\sechost.dll
0x00007fff3f730000 - 0x00007fff3f855000 	C:\Windows\System32\RPCRT4.dll
0x00007fff3f1e0000 - 0x00007fff3f32a000 	C:\Windows\System32\USER32.dll
0x00007fff3ebf0000 - 0x00007fff3ec0e000 	C:\Windows\System32\win32u.dll
0x00007fff3f540000 - 0x00007fff3f567000 	C:\Windows\System32\GDI32.dll
0x00007fff3e940000 - 0x00007fff3eac7000 	C:\Windows\System32\gdi32full.dll
0x00007fff3e8a0000 - 0x00007fff3e93a000 	C:\Windows\System32\msvcp_win.dll
0x00007fff3e040000 - 0x00007fff3e136000 	C:\Windows\System32\ucrtbase.dll
0x00007fff34400000 - 0x00007fff34667000 	C:\Windows\WinSxS\amd64_microsoft.windows.common-controls_6595b64144ccf1df_6.0.15063.483_none_26002d27e7c744a2\COMCTL32.dll
0x00007fff3fca0000 - 0x00007fff3ff99000 	C:\Windows\System32\combase.dll
0x00007fff3ead0000 - 0x00007fff3eb3a000 	C:\Windows\System32\bcryptPrimitives.dll
0x00007fff3ffa0000 - 0x00007fff3ffcd000 	C:\Windows\System32\IMM32.DLL
0x0000000065db0000 - 0x0000000065e82000 	C:\Program Files\Java\jdk1.8.0_131\jre\bin\msvcr100.dll
0x00000000644b0000 - 0x0000000064d4c000 	C:\Program Files\Java\jdk1.8.0_131\jre\bin\server\jvm.dll
0x00007fff3f170000 - 0x00007fff3f178000 	C:\Windows\System32\PSAPI.DLL
0x00007fff3c090000 - 0x00007fff3c0b3000 	C:\Windows\SYSTEM32\WINMM.dll
0x00007fff37470000 - 0x00007fff37479000 	C:\Windows\SYSTEM32\WSOCK32.dll
0x00007fff33710000 - 0x00007fff3371a000 	C:\Windows\SYSTEM32\VERSION.dll
0x00007fff402e0000 - 0x00007fff4034c000 	C:\Windows\System32\WS2_32.dll
0x00007fff3bf20000 - 0x00007fff3bf4b000 	C:\Windows\SYSTEM32\WINMMBASE.dll
0x00007fff3f030000 - 0x00007fff3f079000 	C:\Windows\System32\cfgmgr32.dll
0x00000000664f0000 - 0x00000000664ff000 	C:\Program Files\Java\jdk1.8.0_131\jre\bin\verify.dll
0x00000000664c0000 - 0x00000000664e9000 	C:\Program Files\Java\jdk1.8.0_131\jre\bin\java.dll
0x0000000065990000 - 0x00000000659a6000 	C:\Program Files\Java\jdk1.8.0_131\jre\bin\zip.dll
0x00007fff40680000 - 0x00007fff41ab7000 	C:\Windows\System32\SHELL32.dll
0x00007fff3f620000 - 0x00007fff3f6ca000 	C:\Windows\System32\shcore.dll
0x00007fff3e1a0000 - 0x00007fff3e891000 	C:\Windows\System32\windows.storage.dll
0x00007fff3f080000 - 0x00007fff3f0d1000 	C:\Windows\System32\shlwapi.dll
0x00007fff3df90000 - 0x00007fff3dfa1000 	C:\Windows\System32\kernel.appcore.dll
0x00007fff3dff0000 - 0x00007fff3e03c000 	C:\Windows\System32\powrprof.dll
0x00007fff3dfb0000 - 0x00007fff3dfc5000 	C:\Windows\System32\profapi.dll
0x0000000065970000 - 0x000000006598a000 	C:\Program Files\Java\jdk1.8.0_131\jre\bin\net.dll
0x00007fff3d840000 - 0x00007fff3d89c000 	C:\Windows\system32\mswsock.dll
0x00007fff322b0000 - 0x00007fff32459000 	C:\Windows\SYSTEM32\dbghelp.dll

VM Arguments:
jvm_args: -ea -Dfile.encoding=Cp1252 
java_command: org.eclipse.jdt.internal.junit.runner.RemoteTestRunner -version 3 -port 49328 -testLoaderClass org.eclipse.jdt.internal.junit4.runner.JUnit4TestLoader -loaderpluginname org.eclipse.jdt.junit4.runtime -classNames ChunkListSuperTest
java_class_path (initial): C:\Program Files\Java\jdk1.8.0_131\jre\lib\resources.jar;C:\Program Files\Java\jdk1.8.0_131\jre\lib\rt.jar;C:\Program Files\Java\jdk1.8.0_131\jre\lib\jsse.jar;C:\Program Files\Java\jdk1.8.0_131\jre\lib\jce.jar;C:\Program Files\Java\jdk1.8.0_131\jre\lib\charsets.jar;C:\Program Files\Java\jdk1.8.0_131\jre\lib\jfr.jar;C:\Program Files\Java\jdk1.8.0_131\jre\lib\ext\access-bridge-64.jar;C:\Program Files\Java\jdk1.8.0_131\jre\lib\ext\cldrdata.jar;C:\Program Files\Java\jdk1.8.0_131\jre\lib\ext\dnsns.jar;C:\Program Files\Java\jdk1.8.0_131\jre\lib\ext\jaccess.jar;C:\Program Files\Java\jdk1.8.0_131\jre\lib\ext\jfxrt.jar;C:\Program Files\Java\jdk1.8.0_131\jre\lib\ext\localedata.jar;C:\Program Files\Java\jdk1.8.0_131\jre\lib\ext\nashorn.jar;C:\Program Files\Java\jdk1.8.0_131\jre\lib\ext\sunec.jar;C:\Program Files\Java\jdk1.8.0_131\jre\lib\ext\sunjce_provider.jar;C:\Program Files\Java\jdk1.8.0_131\jre\lib\ext\sunmscapi.jar;C:\Program Files\Java\jdk1.8.0_131\jre\lib\ext\sunpkcs11.jar;C:\Program Files\Java\jdk1.8.0_131\jre\lib\ext\zipfs.jar;C:\Users\tnh\Desktop\108\hw3DBSudoku;C:\Users\tnh\.p2\pool\plugins\org.junit_4.12.0.v201504281640\junit.jar;C:\Users\tnh\eclipse\java-oxygen\eclipse\configuration\org.eclipse.osgi\230\0\.cp;C:\Users\tnh\eclipse\java-oxygen\eclipse\configuration\org.eclipse.osgi\229\0\.cp
Launcher Type: SUN_STANDARD

Environment Variables:
PATH=C:/Program Files/Java/jdk1.8.0_131/jre/bin/server;C:/Program Files/Java/jdk1.8.0_131/jre/bin;C:/Program Files/Java/jdk1.8.0_131/jre/lib/amd64;C:\Windows\system32;C:\Windows;C:\Windows\System32\Wbem;C:\Windows\System32\WindowsPowerShell\v1.0\;C:\Program Files\Git\cmd;C:\Users\tnh\AppData\Local\Microsoft\WindowsApps;;C:\Users\tnh\Desktop;
USERNAME=tnh
OS=Windows_NT
PROCESSOR_IDENTIFIER=Intel64 Family 6 Model 42 Stepping 7, GenuineIntel



---------------  S Y S T E M  ---------------

OS: Windows 10.0 , 64 bit Build 15063 (10.0.15063.296)

CPU:total 8 (initial active 8) (4 cores per cpu, 2 threads per core) family 6 model 42 stepping 7, cmov, cx8, fxsr, mmx, sse, sse2, sse3, ssse3, sse4.1, sse4.2, popcnt, avx, aes, clmul, ht, tsc, tscinvbit

Memory: 4k page, physical 8216396k(3776936k free), swap 15971664k(9966152k free)

vm_info: Java HotSpot(TM) 64-Bit Server VM (25.131-b11) for windows-amd64 JRE (1.8.0_131-b11), built on Mar 15 2017 01:23:53 by "java_re" with MS VC++ 10.0 (VS2010)

time: Sun Dec 10 18:38:06 2017
elapsed time: 0 seconds (0d 0h 0m 0s)

